<?xml version="1.0" encoding="UTF-8"?>
<!-- Generated by org.testng.reporters.JUnitXMLReporter -->
<testsuite ignored="2" hostname="DESKTOP-ITV9J04" failures="0" tests="8" name="Default test" time="5.188" errors="0" timestamp="2020-11-26T07:09:13 BRT">
  <testcase classname="deliverymuchbrasil.com.automation_test.ValidateExtendNumberPTBR" name="validateNumberExtensionPTBR" time="1.565"/>
  <testcase classname="deliverymuchbrasil.com.automation_test.ValidateExtendNumberPTBR" name="validateNumberExtensionPTBR" time="0.518"/>
  <testcase classname="deliverymuchbrasil.com.automation_test.ValidateExtendNumberPTBR" name="validateNumberExtensionPTBR" time="0.489"/>
  <testcase classname="deliverymuchbrasil.com.automation_test.ValidateExtendNumberPTBR" name="validateNumberExtensionPTBR" time="0.49"/>
  <testcase classname="deliverymuchbrasil.com.automation_test.ValidateExtendNumberPTBR" name="validateNumberExtensionPTBR" time="0.494"/>
  <testcase classname="deliverymuchbrasil.com.automation_test.ValidateExtendNumberPTBR" name="validateNumberExtensionPTBR" time="0.492"/>
  <testcase classname="deliverymuchbrasil.com.automation_test.ValidateExtendNumberPTBR" name="validateNumberExtensionPTBR" time="0.487"/>
  <testcase classname="deliverymuchbrasil.com.automation_test.ValidateExtendNumberPTBR" name="validateNumberExtensionPTBR" time="0.481"/>
  <testcase classname="deliverymuchbrasil.com.automation_test.ValidateExtendNumberPTBR" name="validateInvalidNumberPTBR" time="0.0">
    <ignored/>
  </testcase> <!-- validateInvalidNumberPTBR -->
  <testcase classname="deliverymuchbrasil.com.automation_test.ValidateExtendNumberPTBR" name="validateStatusCodePTBR" time="0.0">
    <ignored/>
  </testcase> <!-- validateStatusCodePTBR -->
</testsuite> <!-- Default test -->
