<?xml version="1.0" encoding="UTF-8"?>
<testng-results ignored="2" total="10" passed="8" failed="0" skipped="0">
  <reporter-output>
  </reporter-output>
  <suite started-at="2020-11-26T07:09:08 BRT" name="Default suite" finished-at="2020-11-26T07:09:13 BRT" duration-ms="5188">
    <groups>
    </groups>
    <test started-at="2020-11-26T07:09:08 BRT" name="Default test" finished-at="2020-11-26T07:09:13 BRT" duration-ms="5188">
      <class name="deliverymuchbrasil.com.automation_test.ValidateExtendNumberPTBR">
        <test-method is-config="true" signature="initialEngine()[pri:0, instance:deliverymuchbrasil.com.automation_test.ValidateExtendNumberPTBR@38ba6ce3]" started-at="2020-11-26T07:09:08 BRT" name="initialEngine" finished-at="2020-11-26T07:09:08 BRT" duration-ms="13" status="PASS">
          <reporter-output>
          </reporter-output>
        </test-method> <!-- initialEngine -->
        <test-method is-config="true" signature="resetRelatorioAntesDaClasse()[pri:0, instance:deliverymuchbrasil.com.automation_test.ValidateExtendNumberPTBR@38ba6ce3]" started-at="2020-11-26T07:09:08 BRT" name="resetRelatorioAntesDaClasse" finished-at="2020-11-26T07:09:08 BRT" duration-ms="1" status="PASS">
          <reporter-output>
          </reporter-output>
        </test-method> <!-- resetRelatorioAntesDaClasse -->
        <test-method is-config="true" signature="resetRelatorioAntesDoMétodo()[pri:0, instance:deliverymuchbrasil.com.automation_test.ValidateExtendNumberPTBR@38ba6ce3]" started-at="2020-11-26T07:09:08 BRT" name="resetRelatorioAntesDoMétodo" finished-at="2020-11-26T07:09:08 BRT" duration-ms="1" status="PASS">
          <reporter-output>
          </reporter-output>
        </test-method> <!-- resetRelatorioAntesDoMétodo -->
        <test-method signature="validateNumberExtensionPTBR(java.lang.String, java.lang.String)[pri:0, instance:deliverymuchbrasil.com.automation_test.ValidateExtendNumberPTBR@38ba6ce3]" started-at="2020-11-26T07:09:08 BRT" name="validateNumberExtensionPTBR" description="Valida extensão dos números URL - pt_BR" data-provider="extensionData" finished-at="2020-11-26T07:09:10 BRT" duration-ms="1565" status="PASS">
          <params>
            <param index="0">
              <value>
                <![CDATA[10]]>
              </value>
            </param>
            <param index="1">
              <value>
                <![CDATA[200]]>
              </value>
            </param>
          </params>
          <reporter-output>
          </reporter-output>
        </test-method> <!-- validateNumberExtensionPTBR -->
        <test-method is-config="true" signature="finalizaTesteAtual(java.lang.reflect.Method)[pri:0, instance:deliverymuchbrasil.com.automation_test.ValidateExtendNumberPTBR@38ba6ce3]" started-at="2020-11-26T07:09:10 BRT" name="finalizaTesteAtual" finished-at="2020-11-26T07:09:10 BRT" duration-ms="13" status="PASS">
          <params>
            <param index="0">
              <value>
                <![CDATA[public void deliverymuchbrasil.com.automation_test.ValidateExtendNumberPTBR.validateNumberExtensionPTBR(java.lang.String,java.lang.String)]]>
              </value>
            </param>
          </params>
          <reporter-output>
          </reporter-output>
        </test-method> <!-- finalizaTesteAtual -->
        <test-method is-config="true" signature="resetRelatorioAntesDoMétodo()[pri:0, instance:deliverymuchbrasil.com.automation_test.ValidateExtendNumberPTBR@38ba6ce3]" started-at="2020-11-26T07:09:10 BRT" name="resetRelatorioAntesDoMétodo" finished-at="2020-11-26T07:09:10 BRT" duration-ms="0" status="PASS">
          <reporter-output>
          </reporter-output>
        </test-method> <!-- resetRelatorioAntesDoMétodo -->
        <test-method signature="validateNumberExtensionPTBR(java.lang.String, java.lang.String)[pri:0, instance:deliverymuchbrasil.com.automation_test.ValidateExtendNumberPTBR@38ba6ce3]" started-at="2020-11-26T07:09:10 BRT" name="validateNumberExtensionPTBR" description="Valida extensão dos números URL - pt_BR" data-provider="extensionData" finished-at="2020-11-26T07:09:10 BRT" duration-ms="518" status="PASS">
          <params>
            <param index="0">
              <value>
                <![CDATA[11]]>
              </value>
            </param>
            <param index="1">
              <value>
                <![CDATA[200]]>
              </value>
            </param>
          </params>
          <reporter-output>
          </reporter-output>
        </test-method> <!-- validateNumberExtensionPTBR -->
        <test-method is-config="true" signature="finalizaTesteAtual(java.lang.reflect.Method)[pri:0, instance:deliverymuchbrasil.com.automation_test.ValidateExtendNumberPTBR@38ba6ce3]" started-at="2020-11-26T07:09:10 BRT" name="finalizaTesteAtual" finished-at="2020-11-26T07:09:10 BRT" duration-ms="1" status="PASS">
          <params>
            <param index="0">
              <value>
                <![CDATA[public void deliverymuchbrasil.com.automation_test.ValidateExtendNumberPTBR.validateNumberExtensionPTBR(java.lang.String,java.lang.String)]]>
              </value>
            </param>
          </params>
          <reporter-output>
          </reporter-output>
        </test-method> <!-- finalizaTesteAtual -->
        <test-method is-config="true" signature="resetRelatorioAntesDoMétodo()[pri:0, instance:deliverymuchbrasil.com.automation_test.ValidateExtendNumberPTBR@38ba6ce3]" started-at="2020-11-26T07:09:10 BRT" name="resetRelatorioAntesDoMétodo" finished-at="2020-11-26T07:09:10 BRT" duration-ms="0" status="PASS">
          <reporter-output>
          </reporter-output>
        </test-method> <!-- resetRelatorioAntesDoMétodo -->
        <test-method signature="validateNumberExtensionPTBR(java.lang.String, java.lang.String)[pri:0, instance:deliverymuchbrasil.com.automation_test.ValidateExtendNumberPTBR@38ba6ce3]" started-at="2020-11-26T07:09:10 BRT" name="validateNumberExtensionPTBR" description="Valida extensão dos números URL - pt_BR" data-provider="extensionData" finished-at="2020-11-26T07:09:11 BRT" duration-ms="489" status="PASS">
          <params>
            <param index="0">
              <value>
                <![CDATA[12]]>
              </value>
            </param>
            <param index="1">
              <value>
                <![CDATA[200]]>
              </value>
            </param>
          </params>
          <reporter-output>
          </reporter-output>
        </test-method> <!-- validateNumberExtensionPTBR -->
        <test-method is-config="true" signature="finalizaTesteAtual(java.lang.reflect.Method)[pri:0, instance:deliverymuchbrasil.com.automation_test.ValidateExtendNumberPTBR@38ba6ce3]" started-at="2020-11-26T07:09:11 BRT" name="finalizaTesteAtual" finished-at="2020-11-26T07:09:11 BRT" duration-ms="1" status="PASS">
          <params>
            <param index="0">
              <value>
                <![CDATA[public void deliverymuchbrasil.com.automation_test.ValidateExtendNumberPTBR.validateNumberExtensionPTBR(java.lang.String,java.lang.String)]]>
              </value>
            </param>
          </params>
          <reporter-output>
          </reporter-output>
        </test-method> <!-- finalizaTesteAtual -->
        <test-method is-config="true" signature="resetRelatorioAntesDoMétodo()[pri:0, instance:deliverymuchbrasil.com.automation_test.ValidateExtendNumberPTBR@38ba6ce3]" started-at="2020-11-26T07:09:11 BRT" name="resetRelatorioAntesDoMétodo" finished-at="2020-11-26T07:09:11 BRT" duration-ms="0" status="PASS">
          <reporter-output>
          </reporter-output>
        </test-method> <!-- resetRelatorioAntesDoMétodo -->
        <test-method signature="validateNumberExtensionPTBR(java.lang.String, java.lang.String)[pri:0, instance:deliverymuchbrasil.com.automation_test.ValidateExtendNumberPTBR@38ba6ce3]" started-at="2020-11-26T07:09:11 BRT" name="validateNumberExtensionPTBR" description="Valida extensão dos números URL - pt_BR" data-provider="extensionData" finished-at="2020-11-26T07:09:11 BRT" duration-ms="490" status="PASS">
          <params>
            <param index="0">
              <value>
                <![CDATA[13]]>
              </value>
            </param>
            <param index="1">
              <value>
                <![CDATA[200]]>
              </value>
            </param>
          </params>
          <reporter-output>
          </reporter-output>
        </test-method> <!-- validateNumberExtensionPTBR -->
        <test-method is-config="true" signature="finalizaTesteAtual(java.lang.reflect.Method)[pri:0, instance:deliverymuchbrasil.com.automation_test.ValidateExtendNumberPTBR@38ba6ce3]" started-at="2020-11-26T07:09:11 BRT" name="finalizaTesteAtual" finished-at="2020-11-26T07:09:11 BRT" duration-ms="1" status="PASS">
          <params>
            <param index="0">
              <value>
                <![CDATA[public void deliverymuchbrasil.com.automation_test.ValidateExtendNumberPTBR.validateNumberExtensionPTBR(java.lang.String,java.lang.String)]]>
              </value>
            </param>
          </params>
          <reporter-output>
          </reporter-output>
        </test-method> <!-- finalizaTesteAtual -->
        <test-method signature="validateNumberExtensionPTBR(java.lang.String, java.lang.String)[pri:0, instance:deliverymuchbrasil.com.automation_test.ValidateExtendNumberPTBR@38ba6ce3]" started-at="2020-11-26T07:09:11 BRT" name="validateNumberExtensionPTBR" description="Valida extensão dos números URL - pt_BR" data-provider="extensionData" finished-at="2020-11-26T07:09:12 BRT" duration-ms="494" status="PASS">
          <params>
            <param index="0">
              <value>
                <![CDATA[-10]]>
              </value>
            </param>
            <param index="1">
              <value>
                <![CDATA[200]]>
              </value>
            </param>
          </params>
          <reporter-output>
          </reporter-output>
        </test-method> <!-- validateNumberExtensionPTBR -->
        <test-method is-config="true" signature="resetRelatorioAntesDoMétodo()[pri:0, instance:deliverymuchbrasil.com.automation_test.ValidateExtendNumberPTBR@38ba6ce3]" started-at="2020-11-26T07:09:11 BRT" name="resetRelatorioAntesDoMétodo" finished-at="2020-11-26T07:09:11 BRT" duration-ms="0" status="PASS">
          <reporter-output>
          </reporter-output>
        </test-method> <!-- resetRelatorioAntesDoMétodo -->
        <test-method is-config="true" signature="finalizaTesteAtual(java.lang.reflect.Method)[pri:0, instance:deliverymuchbrasil.com.automation_test.ValidateExtendNumberPTBR@38ba6ce3]" started-at="2020-11-26T07:09:12 BRT" name="finalizaTesteAtual" finished-at="2020-11-26T07:09:12 BRT" duration-ms="0" status="PASS">
          <params>
            <param index="0">
              <value>
                <![CDATA[public void deliverymuchbrasil.com.automation_test.ValidateExtendNumberPTBR.validateNumberExtensionPTBR(java.lang.String,java.lang.String)]]>
              </value>
            </param>
          </params>
          <reporter-output>
          </reporter-output>
        </test-method> <!-- finalizaTesteAtual -->
        <test-method is-config="true" signature="resetRelatorioAntesDoMétodo()[pri:0, instance:deliverymuchbrasil.com.automation_test.ValidateExtendNumberPTBR@38ba6ce3]" started-at="2020-11-26T07:09:12 BRT" name="resetRelatorioAntesDoMétodo" finished-at="2020-11-26T07:09:12 BRT" duration-ms="0" status="PASS">
          <reporter-output>
          </reporter-output>
        </test-method> <!-- resetRelatorioAntesDoMétodo -->
        <test-method signature="validateNumberExtensionPTBR(java.lang.String, java.lang.String)[pri:0, instance:deliverymuchbrasil.com.automation_test.ValidateExtendNumberPTBR@38ba6ce3]" started-at="2020-11-26T07:09:12 BRT" name="validateNumberExtensionPTBR" description="Valida extensão dos números URL - pt_BR" data-provider="extensionData" finished-at="2020-11-26T07:09:12 BRT" duration-ms="492" status="PASS">
          <params>
            <param index="0">
              <value>
                <![CDATA[-11]]>
              </value>
            </param>
            <param index="1">
              <value>
                <![CDATA[200]]>
              </value>
            </param>
          </params>
          <reporter-output>
          </reporter-output>
        </test-method> <!-- validateNumberExtensionPTBR -->
        <test-method is-config="true" signature="finalizaTesteAtual(java.lang.reflect.Method)[pri:0, instance:deliverymuchbrasil.com.automation_test.ValidateExtendNumberPTBR@38ba6ce3]" started-at="2020-11-26T07:09:12 BRT" name="finalizaTesteAtual" finished-at="2020-11-26T07:09:12 BRT" duration-ms="1" status="PASS">
          <params>
            <param index="0">
              <value>
                <![CDATA[public void deliverymuchbrasil.com.automation_test.ValidateExtendNumberPTBR.validateNumberExtensionPTBR(java.lang.String,java.lang.String)]]>
              </value>
            </param>
          </params>
          <reporter-output>
          </reporter-output>
        </test-method> <!-- finalizaTesteAtual -->
        <test-method is-config="true" signature="resetRelatorioAntesDoMétodo()[pri:0, instance:deliverymuchbrasil.com.automation_test.ValidateExtendNumberPTBR@38ba6ce3]" started-at="2020-11-26T07:09:12 BRT" name="resetRelatorioAntesDoMétodo" finished-at="2020-11-26T07:09:12 BRT" duration-ms="1" status="PASS">
          <reporter-output>
          </reporter-output>
        </test-method> <!-- resetRelatorioAntesDoMétodo -->
        <test-method signature="validateNumberExtensionPTBR(java.lang.String, java.lang.String)[pri:0, instance:deliverymuchbrasil.com.automation_test.ValidateExtendNumberPTBR@38ba6ce3]" started-at="2020-11-26T07:09:12 BRT" name="validateNumberExtensionPTBR" description="Valida extensão dos números URL - pt_BR" data-provider="extensionData" finished-at="2020-11-26T07:09:13 BRT" duration-ms="487" status="PASS">
          <params>
            <param index="0">
              <value>
                <![CDATA[-12]]>
              </value>
            </param>
            <param index="1">
              <value>
                <![CDATA[200]]>
              </value>
            </param>
          </params>
          <reporter-output>
          </reporter-output>
        </test-method> <!-- validateNumberExtensionPTBR -->
        <test-method is-config="true" signature="finalizaTesteAtual(java.lang.reflect.Method)[pri:0, instance:deliverymuchbrasil.com.automation_test.ValidateExtendNumberPTBR@38ba6ce3]" started-at="2020-11-26T07:09:13 BRT" name="finalizaTesteAtual" finished-at="2020-11-26T07:09:13 BRT" duration-ms="1" status="PASS">
          <params>
            <param index="0">
              <value>
                <![CDATA[public void deliverymuchbrasil.com.automation_test.ValidateExtendNumberPTBR.validateNumberExtensionPTBR(java.lang.String,java.lang.String)]]>
              </value>
            </param>
          </params>
          <reporter-output>
          </reporter-output>
        </test-method> <!-- finalizaTesteAtual -->
        <test-method is-config="true" signature="resetRelatorioAntesDoMétodo()[pri:0, instance:deliverymuchbrasil.com.automation_test.ValidateExtendNumberPTBR@38ba6ce3]" started-at="2020-11-26T07:09:13 BRT" name="resetRelatorioAntesDoMétodo" finished-at="2020-11-26T07:09:13 BRT" duration-ms="1" status="PASS">
          <reporter-output>
          </reporter-output>
        </test-method> <!-- resetRelatorioAntesDoMétodo -->
        <test-method signature="validateNumberExtensionPTBR(java.lang.String, java.lang.String)[pri:0, instance:deliverymuchbrasil.com.automation_test.ValidateExtendNumberPTBR@38ba6ce3]" started-at="2020-11-26T07:09:13 BRT" name="validateNumberExtensionPTBR" description="Valida extensão dos números URL - pt_BR" data-provider="extensionData" finished-at="2020-11-26T07:09:13 BRT" duration-ms="481" status="PASS">
          <params>
            <param index="0">
              <value>
                <![CDATA[-13]]>
              </value>
            </param>
            <param index="1">
              <value>
                <![CDATA[200]]>
              </value>
            </param>
          </params>
          <reporter-output>
          </reporter-output>
        </test-method> <!-- validateNumberExtensionPTBR -->
        <test-method is-config="true" signature="finalizaTesteAtual(java.lang.reflect.Method)[pri:0, instance:deliverymuchbrasil.com.automation_test.ValidateExtendNumberPTBR@38ba6ce3]" started-at="2020-11-26T07:09:13 BRT" name="finalizaTesteAtual" finished-at="2020-11-26T07:09:13 BRT" duration-ms="2" status="PASS">
          <params>
            <param index="0">
              <value>
                <![CDATA[public void deliverymuchbrasil.com.automation_test.ValidateExtendNumberPTBR.validateNumberExtensionPTBR(java.lang.String,java.lang.String)]]>
              </value>
            </param>
          </params>
          <reporter-output>
          </reporter-output>
        </test-method> <!-- finalizaTesteAtual -->
      </class> <!-- deliverymuchbrasil.com.automation_test.ValidateExtendNumberPTBR -->
    </test> <!-- Default test -->
  </suite> <!-- Default suite -->
</testng-results>
